<?xml version="1.0" encoding="UTF-8"?>
<!-- Generated by org.testng.reporters.JUnitXMLReporter -->
<testsuite ignored="0" hostname="d61150e0baca5a6" failures="0" tests="2" name="Default test" time="0.098" errors="0" timestamp="2023-03-13T12:33:03 IST">
  <testcase classname="ustbatchnumber3.testng.EmployeeTest" name="Test1 on null(ustbatchnumber3.testng.EmployeeTest)" time="0.015"/>
  <testcase classname="ustbatchnumber3.testng.EmployeeTest" name="Test2 on null(ustbatchnumber3.testng.EmployeeTest)" time="0.005"/>
</testsuite> <!-- Default test -->
