<?xml version="1.0" encoding="UTF-8"?>
<testng-results ignored="0" total="2" passed="2" failed="0" skipped="0">
  <reporter-output>
  </reporter-output>
  <suite started-at="2023-03-13T12:33:03 IST" name="Default suite" finished-at="2023-03-13T12:33:03 IST" duration-ms="98">
    <groups>
    </groups>
    <test started-at="2023-03-13T12:33:03 IST" name="Default test" finished-at="2023-03-13T12:33:03 IST" duration-ms="98">
      <class name="ustbatchnumber3.testng.EmployeeTest">
        <test-method signature="Test1()[pri:0, instance:null(ustbatchnumber3.testng.EmployeeTest)]" started-at="2023-03-13T12:33:03 IST" name="Test1" finished-at="2023-03-13T12:33:03 IST" duration-ms="15" status="PASS">
          <reporter-output>
          </reporter-output>
        </test-method> <!-- Test1 -->
        <test-method signature="Test2()[pri:0, instance:null(ustbatchnumber3.testng.EmployeeTest)]" started-at="2023-03-13T12:33:03 IST" name="Test2" finished-at="2023-03-13T12:33:03 IST" duration-ms="5" status="PASS">
          <reporter-output>
          </reporter-output>
        </test-method> <!-- Test2 -->
      </class> <!-- ustbatchnumber3.testng.EmployeeTest -->
    </test> <!-- Default test -->
  </suite> <!-- Default suite -->
</testng-results>
